<?xml version="1.0" encoding="UTF-8"?>
<!-- Generated by org.testng.reporters.JUnitXMLReporter -->
<testsuite hostname="EPMXGUAW0506" ignored="0" name="Test" tests="5" failures="3" timestamp="2019-11-08T12:44:26 CST" time="74.323" errors="0">
  <testcase name="feature" time="37.969" classname="com.testautomation.TestRunner.TestRunner"/>
  <testcase name="feature" time="38.3" classname="com.testautomation.TestRunner.TestRunner"/>
  <testcase name="feature" time="38.413" classname="com.testautomation.TestRunner.TestRunner">
    <failure type="java.lang.AssertionError" message="PRUEBA FALLO ASSERT TESTNG">
      <![CDATA[java.lang.AssertionError: PRUEBA FALLO ASSERT TESTNG
at com.testautomation.Listeners.ExtentReportListener.testStepHandle(ExtentReportListener.java:55)
at com.testautomation.StepDefinitions.LoginGalenFramework.i_create_a_simple_note(LoginGalenFramework.java:50)
at ✽.I create a simple note "Primer Mensaje"(file:features/GalenPageTesting.feature:9)
Caused by: java.io.IOException: Failed to copy full contents from 'C:\Users\PEDRO_~1\AppData\Local\Temp\screenshot4364598214222320578.png' to 'C:\Users\Pedro_Santillan\git\Galen\Reports\Screenshots\11082019124350596.png' Expected length: 75487 Actual: 75592
at com.testautomation.Listeners.ExtentReportListener.testStepHandle(ExtentReportListener.java:55)
at com.testautomation.StepDefinitions.LoginGalenFramework.i_create_a_simple_note(LoginGalenFramework.java:50)
at cucumber.runtime.Utils$1.call(Utils.java:26)
at cucumber.runtime.Timeout.timeout(Timeout.java:16)
at cucumber.runtime.Utils.invoke(Utils.java:20)
at cucumber.runtime.java.JavaStepDefinition.execute(JavaStepDefinition.java:57)
at cucumber.runner.PickleStepDefinitionMatch.runStep(PickleStepDefinitionMatch.java:50)
at cucumber.runner.TestStep.executeStep(TestStep.java:65)
at cucumber.runner.TestStep.run(TestStep.java:50)
at cucumber.runner.PickleStepTestStep.run(PickleStepTestStep.java:43)
at cucumber.runner.TestCase.run(TestCase.java:46)
at cucumber.runner.Runner.runPickle(Runner.java:50)
at io.cucumber.testng.TestNGCucumberRunner.runScenario(TestNGCucumberRunner.java:79)
at cucumber.api.testng.TestNGCucumberRunner.runScenario(TestNGCucumberRunner.java:24)
at com.testautomation.TestRunner.TestRunner.feature(TestRunner.java:30)
at java.util.concurrent.FutureTask.run(FutureTask.java:266)
at java.util.concurrent.Executors$RunnableAdapter.call(Executors.java:511)
at java.util.concurrent.FutureTask.run(FutureTask.java:266)
at java.util.concurrent.ThreadPoolExecutor.runWorker(ThreadPoolExecutor.java:1149)
at java.util.concurrent.ThreadPoolExecutor$Worker.run(ThreadPoolExecutor.java:624)
at java.lang.Thread.run(Thread.java:748)
... Removed 14 stack frames]]>
    </failure>
  </testcase> <!-- feature -->
  <testcase name="feature" time="68.08" classname="com.testautomation.TestRunner.TestRunner">
    <failure type="java.lang.AssertionError" message="PRUEBA FALLO ASSERT TESTNG">
      <![CDATA[java.lang.AssertionError: PRUEBA FALLO ASSERT TESTNG
at com.testautomation.Listeners.ExtentReportListener.testStepHandle(ExtentReportListener.java:55)
at com.testautomation.StepDefinitions.LoginGalenFramework.i_validate_the_another_note(LoginGalenFramework.java:111)
at ✽.I validate the another note "Segundo Mensaje"(file:features/GalenPageTesting.feature:47)
Caused by: org.openqa.selenium.NoSuchElementException: no such element: Unable to locate element: {"method":"xpath","selector":"//*[contains(text(),'hola')]"}
  (Session info: chrome=78.0.3904.97)
For documentation on this error, please visit: https://www.seleniumhq.org/exceptions/no_such_element.html
Build info: version: '3.141.59', revision: 'e82be7d358', time: '2018-11-14T08:17:03'
System info: host: 'EPMXGUAW0506', ip: '10.0.75.1', os.name: 'Windows 10', os.arch: 'amd64', os.version: '10.0', java.version: '1.8.0_221'
Driver info: org.openqa.selenium.chrome.ChromeDriver
Capabilities {acceptInsecureCerts: false, browserName: chrome, browserVersion: 78.0.3904.97, chrome: {chromedriverVersion: 77.0.3865.40 (f484704e052e0..., userDataDir: C:\Users\PEDRO_~1\AppData\L...}, goog:chromeOptions: {debuggerAddress: localhost:65226}, javascriptEnabled: true, networkConnectionEnabled: false, pageLoadStrategy: normal, platform: XP, platformName: XP, proxy: Proxy(), setWindowRect: true, strictFileInteractability: false, timeouts: {implicit: 0, pageLoad: 300000, script: 30000}, unhandledPromptBehavior: dismiss and notify}
Session ID: 33379d1d6a043aee54b5c9b708333ca8
*** Element info: {Using=xpath, value=//*[contains(text(),'hola')]}
at com.testautomation.Listeners.ExtentReportListener.testStepHandle(ExtentReportListener.java:55)
at com.testautomation.StepDefinitions.LoginGalenFramework.i_validate_the_another_note(LoginGalenFramework.java:111)
at cucumber.runtime.Utils$1.call(Utils.java:26)
at cucumber.runtime.Timeout.timeout(Timeout.java:16)
at cucumber.runtime.Utils.invoke(Utils.java:20)
at cucumber.runtime.java.JavaStepDefinition.execute(JavaStepDefinition.java:57)
at cucumber.runner.PickleStepDefinitionMatch.runStep(PickleStepDefinitionMatch.java:50)
at cucumber.runner.TestStep.executeStep(TestStep.java:65)
at cucumber.runner.TestStep.run(TestStep.java:50)
at cucumber.runner.PickleStepTestStep.run(PickleStepTestStep.java:43)
at cucumber.runner.TestCase.run(TestCase.java:46)
at cucumber.runner.Runner.runPickle(Runner.java:50)
at io.cucumber.testng.TestNGCucumberRunner.runScenario(TestNGCucumberRunner.java:79)
at cucumber.api.testng.TestNGCucumberRunner.runScenario(TestNGCucumberRunner.java:24)
at com.testautomation.TestRunner.TestRunner.feature(TestRunner.java:30)
at java.util.concurrent.FutureTask.run(FutureTask.java:266)
at java.util.concurrent.Executors$RunnableAdapter.call(Executors.java:511)
at java.util.concurrent.FutureTask.run(FutureTask.java:266)
at java.util.concurrent.ThreadPoolExecutor.runWorker(ThreadPoolExecutor.java:1149)
at java.util.concurrent.ThreadPoolExecutor$Worker.run(ThreadPoolExecutor.java:624)
at java.lang.Thread.run(Thread.java:748)
... Removed 14 stack frames]]>
    </failure>
  </testcase> <!-- feature -->
  <testcase name="feature" time="73.449" classname="com.testautomation.TestRunner.TestRunner">
    <failure type="java.lang.AssertionError" message="PRUEBA FALLO ASSERT TESTNG">
      <![CDATA[java.lang.AssertionError: PRUEBA FALLO ASSERT TESTNG
at com.testautomation.Listeners.ExtentReportListener.testStepHandle(ExtentReportListener.java:55)
at com.testautomation.StepDefinitions.LoginGalenFramework.i_validate_the_another_note(LoginGalenFramework.java:111)
at ✽.I validate the another note "Segundo Mensaje"(file:features/GalenPageTesting.feature:38)
Caused by: org.openqa.selenium.NoSuchElementException: no such element: Unable to locate element: {"method":"xpath","selector":"//*[contains(text(),'hola')]"}
  (Session info: chrome=78.0.3904.97)
For documentation on this error, please visit: https://www.seleniumhq.org/exceptions/no_such_element.html
Build info: version: '3.141.59', revision: 'e82be7d358', time: '2018-11-14T08:17:03'
System info: host: 'EPMXGUAW0506', ip: '10.0.75.1', os.name: 'Windows 10', os.arch: 'amd64', os.version: '10.0', java.version: '1.8.0_221'
Driver info: org.openqa.selenium.chrome.ChromeDriver
Capabilities {acceptInsecureCerts: false, browserName: chrome, browserVersion: 78.0.3904.97, chrome: {chromedriverVersion: 77.0.3865.40 (f484704e052e0..., userDataDir: C:\Users\PEDRO_~1\AppData\L...}, goog:chromeOptions: {debuggerAddress: localhost:65223}, javascriptEnabled: true, networkConnectionEnabled: false, pageLoadStrategy: normal, platform: XP, platformName: XP, proxy: Proxy(), setWindowRect: true, strictFileInteractability: false, timeouts: {implicit: 0, pageLoad: 300000, script: 30000}, unhandledPromptBehavior: dismiss and notify}
Session ID: b04ac6c99e65a0f839953bb3457333ea
*** Element info: {Using=xpath, value=//*[contains(text(),'hola')]}
at com.testautomation.Listeners.ExtentReportListener.testStepHandle(ExtentReportListener.java:55)
at com.testautomation.StepDefinitions.LoginGalenFramework.i_validate_the_another_note(LoginGalenFramework.java:111)
at cucumber.runtime.Utils$1.call(Utils.java:26)
at cucumber.runtime.Timeout.timeout(Timeout.java:16)
at cucumber.runtime.Utils.invoke(Utils.java:20)
at cucumber.runtime.java.JavaStepDefinition.execute(JavaStepDefinition.java:57)
at cucumber.runner.PickleStepDefinitionMatch.runStep(PickleStepDefinitionMatch.java:50)
at cucumber.runner.TestStep.executeStep(TestStep.java:65)
at cucumber.runner.TestStep.run(TestStep.java:50)
at cucumber.runner.PickleStepTestStep.run(PickleStepTestStep.java:43)
at cucumber.runner.TestCase.run(TestCase.java:46)
at cucumber.runner.Runner.runPickle(Runner.java:50)
at io.cucumber.testng.TestNGCucumberRunner.runScenario(TestNGCucumberRunner.java:79)
at cucumber.api.testng.TestNGCucumberRunner.runScenario(TestNGCucumberRunner.java:24)
at com.testautomation.TestRunner.TestRunner.feature(TestRunner.java:30)
at java.util.concurrent.FutureTask.run(FutureTask.java:266)
at java.util.concurrent.Executors$RunnableAdapter.call(Executors.java:511)
at java.util.concurrent.FutureTask.run(FutureTask.java:266)
at java.util.concurrent.ThreadPoolExecutor.runWorker(ThreadPoolExecutor.java:1149)
at java.util.concurrent.ThreadPoolExecutor$Worker.run(ThreadPoolExecutor.java:624)
at java.lang.Thread.run(Thread.java:748)
... Removed 14 stack frames]]>
    </failure>
  </testcase> <!-- feature -->
</testsuite> <!-- Test -->
