{"name":"feature","status":"failed","statusDetails":{"known":false,"muted":false,"flaky":false,"message":"PRUEBA FALLO ASSERT TESTNG","trace":"java.lang.AssertionError: PRUEBA FALLO ASSERT TESTNG\r\n\tat org.testng.Assert.fail(Assert.java:85)\r\n\tat com.testautomation.Listeners.ExtentReportListener.testStepHandle(ExtentReportListener.java:55)\r\n\tat com.testautomation.StepDefinitions.LoginGalenFramework.i_validate_the_another_note(LoginGalenFramework.java:111)\r\n\tat âœ½.I validate the another note \"Segundo Mensaje\"(file:features/GalenPageTesting.feature:47)\r\nCaused by: org.openqa.selenium.NoSuchElementException: no such element: Unable to locate element: {\"method\":\"xpath\",\"selector\":\"//*[contains(text(),'hola')]\"}\n  (Session info: chrome=78.0.3904.97)\nFor documentation on this error, please visit: https://www.seleniumhq.org/exceptions/no_such_element.html\nBuild info: version: '3.141.59', revision: 'e82be7d358', time: '2018-11-14T08:17:03'\nSystem info: host: 'EPMXGUAW0506', ip: '10.0.75.1', os.name: 'Windows 10', os.arch: 'amd64', os.version: '10.0', java.version: '1.8.0_231'\nDriver info: org.openqa.selenium.chrome.ChromeDriver\nCapabilities {acceptInsecureCerts: false, browserName: chrome, browserVersion: 78.0.3904.97, chrome: {chromedriverVersion: 77.0.3865.40 (f484704e052e0..., userDataDir: C:\\Users\\PEDRO_~1\\AppData\\L...}, goog:chromeOptions: {debuggerAddress: localhost:54088}, javascriptEnabled: true, networkConnectionEnabled: false, pageLoadStrategy: normal, platform: XP, platformName: XP, proxy: Proxy(), setWindowRect: true, strictFileInteractability: false, timeouts: {implicit: 0, pageLoad: 300000, script: 30000}, unhandledPromptBehavior: dismiss and notify}\nSession ID: 8199b5fc6599e15e8a896afcd4e87a68\n*** Element info: {Using=xpath, value=//*[contains(text(),'hola')]}\r\n\tat com.testautomation.Listeners.ExtentReportListener.testStepHandle(ExtentReportListener.java:55)\r\n\tat com.testautomation.StepDefinitions.LoginGalenFramework.i_validate_the_another_note(LoginGalenFramework.java:111)\r\n\tat sun.reflect.NativeMethodAccessorImpl.invoke0(Native Method)\r\n\tat sun.reflect.NativeMethodAccessorImpl.invoke(Unknown Source)\r\n\tat sun.reflect.DelegatingMethodAccessorImpl.invoke(Unknown Source)\r\n\tat java.lang.reflect.Method.invoke(Unknown Source)\r\n\tat cucumber.runtime.Utils$1.call(Utils.java:26)\r\n\tat cucumber.runtime.Timeout.timeout(Timeout.java:16)\r\n\tat cucumber.runtime.Utils.invoke(Utils.java:20)\r\n\tat cucumber.runtime.java.JavaStepDefinition.execute(JavaStepDefinition.java:57)\r\n\tat cucumber.runner.PickleStepDefinitionMatch.runStep(PickleStepDefinitionMatch.java:50)\r\n\tat cucumber.runner.TestStep.executeStep(TestStep.java:65)\r\n\tat cucumber.runner.TestStep.run(TestStep.java:50)\r\n\tat cucumber.runner.PickleStepTestStep.run(PickleStepTestStep.java:43)\r\n\tat cucumber.runner.TestCase.run(TestCase.java:46)\r\n\tat cucumber.runner.Runner.runPickle(Runner.java:50)\r\n\tat io.cucumber.testng.TestNGCucumberRunner.runScenario(TestNGCucumberRunner.java:79)\r\n\tat com.testautomation.TestRunner.TestRunner.feature(TestRunner.java:30)\r\n\tat sun.reflect.NativeMethodAccessorImpl.invoke0(Native Method)\r\n\tat sun.reflect.NativeMethodAccessorImpl.invoke(Unknown Source)\r\n\tat sun.reflect.DelegatingMethodAccessorImpl.invoke(Unknown Source)\r\n\tat java.lang.reflect.Method.invoke(Unknown Source)\r\n\tat org.testng.internal.MethodInvocationHelper.invokeMethod(MethodInvocationHelper.java:133)\r\n\tat org.testng.internal.TestInvoker.invokeMethod(TestInvoker.java:584)\r\n\tat org.testng.internal.TestInvoker.invokeTestMethod(TestInvoker.java:172)\r\n\tat org.testng.internal.TestMethodWithDataProviderMethodWorker.call(TestMethodWithDataProviderMethodWorker.java:77)\r\n\tat org.testng.internal.TestMethodWithDataProviderMethodWorker.call(TestMethodWithDataProviderMethodWorker.java:15)\r\n\tat java.util.concurrent.FutureTask.run(Unknown Source)\r\n\tat java.util.concurrent.Executors$RunnableAdapter.call(Unknown Source)\r\n\tat java.util.concurrent.FutureTask.run(Unknown Source)\r\n\tat java.util.concurrent.ThreadPoolExecutor.runWorker(Unknown Source)\r\n\tat java.util.concurrent.ThreadPoolExecutor$Worker.run(Unknown Source)\r\n\tat java.lang.Thread.run(Unknown Source)\r\n"},"stage":"finished","description":"Test case Descripcion: Validation of Simple note and Another note","steps":[],"attachments":[{"name":"Image","source":"6002cafc-e0a4-4aa4-af15-2e851792e1f1-attachment"}],"parameters":[{"name":"arg1","value":"\"Galen Framework Outline\""},{"name":"arg0","value":"\"Add another note 2\""}],"start":1574276160590,"stop":1574276217281,"uuid":"c17b9dcf-39d4-43c8-8b54-fa90a58d190c","historyId":"1f1679c1a6aa024306c4bf264ad265f","fullName":"com.testautomation.TestRunner.TestRunner.feature","labels":[{"name":"package","value":"com.testautomation.TestRunner.TestRunner"},{"name":"testClass","value":"com.testautomation.TestRunner.TestRunner"},{"name":"testMethod","value":"feature"},{"name":"parentSuite","value":"Suite"},{"name":"suite","value":"Test"},{"name":"subSuite","value":"com.testautomation.TestRunner.TestRunner"},{"name":"host","value":"EPMXGUAW0506"},{"name":"thread","value":"44148@EPMXGUAW0506.TestNG-PoolService-4(18)"},{"name":"framework","value":"testng"},{"name":"language","value":"java"},{"name":"severity","value":"normal"}],"links":[]}