<?xml version="1.0" encoding="UTF-8"?>
<testng-results skipped="0" failed="2" ignored="0" total="5" passed="3">
  <reporter-output>
  </reporter-output>
  <suite name="Suite" duration-ms="54445" started-at="2019-11-13T19:03:57 CST" finished-at="2019-11-13T19:04:51 CST">
    <groups>
    </groups>
    <test name="Test" duration-ms="54445" started-at="2019-11-13T19:03:57 CST" finished-at="2019-11-13T19:04:51 CST">
      <class name="com.testautomation.TestRunner.TestRunner">
        <test-method status="PASS" signature="setUpClass()[pri:0, instance:com.testautomation.TestRunner.TestRunner@5579bb86]" name="setUpClass" is-config="true" duration-ms="338" started-at="2019-11-13T19:03:57 CST" finished-at="2019-11-13T19:03:58 CST">
          <reporter-output>
          </reporter-output>
        </test-method> <!-- setUpClass -->
        <test-method status="PASS" signature="feature(io.cucumber.testng.PickleEventWrapper, io.cucumber.testng.CucumberFeatureWrapper)[pri:0, instance:com.testautomation.TestRunner.TestRunner@5579bb86]" name="feature" duration-ms="23970" started-at="2019-11-13T19:03:58 CST" data-provider="features" finished-at="2019-11-13T19:04:22 CST">
          <params>
            <param index="0">
              <value>
                <![CDATA["Add a simple note 2"]]>
              </value>
            </param>
            <param index="1">
              <value>
                <![CDATA["Galen Framework Outline"]]>
              </value>
            </param>
          </params>
          <reporter-output>
          </reporter-output>
        </test-method> <!-- feature -->
        <test-method status="PASS" signature="feature(io.cucumber.testng.PickleEventWrapper, io.cucumber.testng.CucumberFeatureWrapper)[pri:0, instance:com.testautomation.TestRunner.TestRunner@5579bb86]" name="feature" duration-ms="24969" started-at="2019-11-13T19:03:58 CST" data-provider="features" finished-at="2019-11-13T19:04:23 CST">
          <params>
            <param index="0">
              <value>
                <![CDATA["Add a simple note 3"]]>
              </value>
            </param>
            <param index="1">
              <value>
                <![CDATA["Galen Framework Outline"]]>
              </value>
            </param>
          </params>
          <reporter-output>
          </reporter-output>
        </test-method> <!-- feature -->
        <test-method status="FAIL" signature="feature(io.cucumber.testng.PickleEventWrapper, io.cucumber.testng.CucumberFeatureWrapper)[pri:0, instance:com.testautomation.TestRunner.TestRunner@5579bb86]" name="feature" duration-ms="53040" started-at="2019-11-13T19:03:58 CST" data-provider="features" finished-at="2019-11-13T19:04:51 CST">
          <params>
            <param index="0">
              <value>
                <![CDATA["Add another note 2"]]>
              </value>
            </param>
            <param index="1">
              <value>
                <![CDATA["Galen Framework Outline"]]>
              </value>
            </param>
          </params>
          <exception class="java.lang.AssertionError">
            <message>
              <![CDATA[PRUEBA FALLO ASSERT TESTNG]]>
            </message>
            <full-stacktrace>
              <![CDATA[java.lang.AssertionError: PRUEBA FALLO ASSERT TESTNG
at org.testng.Assert.fail(Assert.java:85)
at com.testautomation.Listeners.ExtentReportListener.testStepHandle(ExtentReportListener.java:55)
at com.testautomation.StepDefinitions.LoginGalenFramework.i_validate_the_another_note(LoginGalenFramework.java:111)
at ✽.I validate the another note "Segundo Mensaje"(file:features/GalenPageTesting.feature:47)
Caused by: org.openqa.selenium.NoSuchElementException: no such element: Unable to locate element: {"method":"xpath","selector":"//*[contains(text(),'hola')]"}
  (Session info: chrome=78.0.3904.97)
For documentation on this error, please visit: https://www.seleniumhq.org/exceptions/no_such_element.html
Build info: version: '3.141.59', revision: 'e82be7d358', time: '2018-11-14T08:17:03'
System info: host: 'EPMXGUAW0506', ip: '10.0.75.1', os.name: 'Windows 10', os.arch: 'amd64', os.version: '10.0', java.version: '1.8.0_231'
Driver info: org.openqa.selenium.chrome.ChromeDriver
Capabilities {acceptInsecureCerts: false, browserName: chrome, browserVersion: 78.0.3904.97, chrome: {chromedriverVersion: 77.0.3865.40 (f484704e052e0..., userDataDir: C:\Users\PEDRO_~1\AppData\L...}, goog:chromeOptions: {debuggerAddress: localhost:56312}, javascriptEnabled: true, networkConnectionEnabled: false, pageLoadStrategy: normal, platform: XP, platformName: XP, proxy: Proxy(), setWindowRect: true, strictFileInteractability: false, timeouts: {implicit: 0, pageLoad: 300000, script: 30000}, unhandledPromptBehavior: dismiss and notify}
Session ID: 1168227ea300ec721c3553a99a41fea4
*** Element info: {Using=xpath, value=//*[contains(text(),'hola')]}
at com.testautomation.Listeners.ExtentReportListener.testStepHandle(ExtentReportListener.java:55)
at com.testautomation.StepDefinitions.LoginGalenFramework.i_validate_the_another_note(LoginGalenFramework.java:111)
at sun.reflect.NativeMethodAccessorImpl.invoke0(Native Method)
at sun.reflect.NativeMethodAccessorImpl.invoke(Unknown Source)
at sun.reflect.DelegatingMethodAccessorImpl.invoke(Unknown Source)
at java.lang.reflect.Method.invoke(Unknown Source)
at cucumber.runtime.Utils$1.call(Utils.java:26)
at cucumber.runtime.Timeout.timeout(Timeout.java:16)
at cucumber.runtime.Utils.invoke(Utils.java:20)
at cucumber.runtime.java.JavaStepDefinition.execute(JavaStepDefinition.java:57)
at cucumber.runner.PickleStepDefinitionMatch.runStep(PickleStepDefinitionMatch.java:50)
at cucumber.runner.TestStep.executeStep(TestStep.java:65)
at cucumber.runner.TestStep.run(TestStep.java:50)
at cucumber.runner.PickleStepTestStep.run(PickleStepTestStep.java:43)
at cucumber.runner.TestCase.run(TestCase.java:46)
at cucumber.runner.Runner.runPickle(Runner.java:50)
at io.cucumber.testng.TestNGCucumberRunner.runScenario(TestNGCucumberRunner.java:79)
at com.testautomation.TestRunner.TestRunner.feature(TestRunner.java:30)
at sun.reflect.NativeMethodAccessorImpl.invoke0(Native Method)
at sun.reflect.NativeMethodAccessorImpl.invoke(Unknown Source)
at sun.reflect.DelegatingMethodAccessorImpl.invoke(Unknown Source)
at java.lang.reflect.Method.invoke(Unknown Source)
at org.testng.internal.MethodInvocationHelper.invokeMethod(MethodInvocationHelper.java:133)
at org.testng.internal.TestInvoker.invokeMethod(TestInvoker.java:584)
at org.testng.internal.TestInvoker.invokeTestMethod(TestInvoker.java:172)
at org.testng.internal.TestMethodWithDataProviderMethodWorker.call(TestMethodWithDataProviderMethodWorker.java:77)
at org.testng.internal.TestMethodWithDataProviderMethodWorker.call(TestMethodWithDataProviderMethodWorker.java:15)
at java.util.concurrent.FutureTask.run(Unknown Source)
at java.util.concurrent.Executors$RunnableAdapter.call(Unknown Source)
at java.util.concurrent.FutureTask.run(Unknown Source)
at java.util.concurrent.ThreadPoolExecutor.runWorker(Unknown Source)
at java.util.concurrent.ThreadPoolExecutor$Worker.run(Unknown Source)
at java.lang.Thread.run(Unknown Source)
]]>
            </full-stacktrace>
          </exception> <!-- java.lang.AssertionError -->
          <reporter-output>
          </reporter-output>
        </test-method> <!-- feature -->
        <test-method status="PASS" signature="feature(io.cucumber.testng.PickleEventWrapper, io.cucumber.testng.CucumberFeatureWrapper)[pri:0, instance:com.testautomation.TestRunner.TestRunner@5579bb86]" name="feature" duration-ms="23727" started-at="2019-11-13T19:03:58 CST" data-provider="features" finished-at="2019-11-13T19:04:21 CST">
          <params>
            <param index="0">
              <value>
                <![CDATA["Add a simple note 1"]]>
              </value>
            </param>
            <param index="1">
              <value>
                <![CDATA["Galen Framework Outline"]]>
              </value>
            </param>
          </params>
          <reporter-output>
          </reporter-output>
        </test-method> <!-- feature -->
        <test-method status="FAIL" signature="feature(io.cucumber.testng.PickleEventWrapper, io.cucumber.testng.CucumberFeatureWrapper)[pri:0, instance:com.testautomation.TestRunner.TestRunner@5579bb86]" name="feature" duration-ms="53745" started-at="2019-11-13T19:03:58 CST" data-provider="features" finished-at="2019-11-13T19:04:51 CST">
          <params>
            <param index="0">
              <value>
                <![CDATA["Add another note 1"]]>
              </value>
            </param>
            <param index="1">
              <value>
                <![CDATA["Galen Framework Outline"]]>
              </value>
            </param>
          </params>
          <exception class="java.lang.AssertionError">
            <message>
              <![CDATA[PRUEBA FALLO ASSERT TESTNG]]>
            </message>
            <full-stacktrace>
              <![CDATA[java.lang.AssertionError: PRUEBA FALLO ASSERT TESTNG
at org.testng.Assert.fail(Assert.java:85)
at com.testautomation.Listeners.ExtentReportListener.testStepHandle(ExtentReportListener.java:55)
at com.testautomation.StepDefinitions.LoginGalenFramework.i_validate_the_another_note(LoginGalenFramework.java:111)
at ✽.I validate the another note "Segundo Mensaje"(file:features/GalenPageTesting.feature:38)
Caused by: org.openqa.selenium.NoSuchElementException: no such element: Unable to locate element: {"method":"xpath","selector":"//*[contains(text(),'hola')]"}
  (Session info: chrome=78.0.3904.97)
For documentation on this error, please visit: https://www.seleniumhq.org/exceptions/no_such_element.html
Build info: version: '3.141.59', revision: 'e82be7d358', time: '2018-11-14T08:17:03'
System info: host: 'EPMXGUAW0506', ip: '10.0.75.1', os.name: 'Windows 10', os.arch: 'amd64', os.version: '10.0', java.version: '1.8.0_231'
Driver info: org.openqa.selenium.chrome.ChromeDriver
Capabilities {acceptInsecureCerts: false, browserName: chrome, browserVersion: 78.0.3904.97, chrome: {chromedriverVersion: 77.0.3865.40 (f484704e052e0..., userDataDir: C:\Users\PEDRO_~1\AppData\L...}, goog:chromeOptions: {debuggerAddress: localhost:56311}, javascriptEnabled: true, networkConnectionEnabled: false, pageLoadStrategy: normal, platform: XP, platformName: XP, proxy: Proxy(), setWindowRect: true, strictFileInteractability: false, timeouts: {implicit: 0, pageLoad: 300000, script: 30000}, unhandledPromptBehavior: dismiss and notify}
Session ID: 7556df5ab7d840d8031beabdcc2d77d4
*** Element info: {Using=xpath, value=//*[contains(text(),'hola')]}
at com.testautomation.Listeners.ExtentReportListener.testStepHandle(ExtentReportListener.java:55)
at com.testautomation.StepDefinitions.LoginGalenFramework.i_validate_the_another_note(LoginGalenFramework.java:111)
at sun.reflect.NativeMethodAccessorImpl.invoke0(Native Method)
at sun.reflect.NativeMethodAccessorImpl.invoke(Unknown Source)
at sun.reflect.DelegatingMethodAccessorImpl.invoke(Unknown Source)
at java.lang.reflect.Method.invoke(Unknown Source)
at cucumber.runtime.Utils$1.call(Utils.java:26)
at cucumber.runtime.Timeout.timeout(Timeout.java:16)
at cucumber.runtime.Utils.invoke(Utils.java:20)
at cucumber.runtime.java.JavaStepDefinition.execute(JavaStepDefinition.java:57)
at cucumber.runner.PickleStepDefinitionMatch.runStep(PickleStepDefinitionMatch.java:50)
at cucumber.runner.TestStep.executeStep(TestStep.java:65)
at cucumber.runner.TestStep.run(TestStep.java:50)
at cucumber.runner.PickleStepTestStep.run(PickleStepTestStep.java:43)
at cucumber.runner.TestCase.run(TestCase.java:46)
at cucumber.runner.Runner.runPickle(Runner.java:50)
at io.cucumber.testng.TestNGCucumberRunner.runScenario(TestNGCucumberRunner.java:79)
at com.testautomation.TestRunner.TestRunner.feature(TestRunner.java:30)
at sun.reflect.NativeMethodAccessorImpl.invoke0(Native Method)
at sun.reflect.NativeMethodAccessorImpl.invoke(Unknown Source)
at sun.reflect.DelegatingMethodAccessorImpl.invoke(Unknown Source)
at java.lang.reflect.Method.invoke(Unknown Source)
at org.testng.internal.MethodInvocationHelper.invokeMethod(MethodInvocationHelper.java:133)
at org.testng.internal.TestInvoker.invokeMethod(TestInvoker.java:584)
at org.testng.internal.TestInvoker.invokeTestMethod(TestInvoker.java:172)
at org.testng.internal.TestMethodWithDataProviderMethodWorker.call(TestMethodWithDataProviderMethodWorker.java:77)
at org.testng.internal.TestMethodWithDataProviderMethodWorker.call(TestMethodWithDataProviderMethodWorker.java:15)
at java.util.concurrent.FutureTask.run(Unknown Source)
at java.util.concurrent.Executors$RunnableAdapter.call(Unknown Source)
at java.util.concurrent.FutureTask.run(Unknown Source)
at java.util.concurrent.ThreadPoolExecutor.runWorker(Unknown Source)
at java.util.concurrent.ThreadPoolExecutor$Worker.run(Unknown Source)
at java.lang.Thread.run(Unknown Source)
]]>
            </full-stacktrace>
          </exception> <!-- java.lang.AssertionError -->
          <reporter-output>
          </reporter-output>
        </test-method> <!-- feature -->
        <test-method status="PASS" signature="tearDownClass()[pri:0, instance:com.testautomation.TestRunner.TestRunner@5579bb86]" name="tearDownClass" is-config="true" duration-ms="10" started-at="2019-11-13T19:04:51 CST" finished-at="2019-11-13T19:04:51 CST">
          <reporter-output>
          </reporter-output>
        </test-method> <!-- tearDownClass -->
      </class> <!-- com.testautomation.TestRunner.TestRunner -->
    </test> <!-- Test -->
  </suite> <!-- Suite -->
</testng-results>
